\BOOKMARK [0][-]{chapter.1}{\376\377\000I\000n\000t\000r\000o\000d\000u\000c\000t\000i\000o\000n}{}% 1
\BOOKMARK [1][-]{section.1.1}{\376\377\000S\000e\000r\000v\000i\000c\000e\000\040\000R\000o\000b\000o\000t\000i\000c\000s}{chapter.1}% 2
\BOOKMARK [1][-]{section.1.2}{\376\377\000W\000h\000y\000\040\000H\000u\000m\000a\000n\000o\000i\000d\000\040\000r\000o\000b\000o\000t\000s}{chapter.1}% 3
\BOOKMARK [1][-]{section.1.3}{\376\377\000H\000i\000s\000t\000o\000r\000y\000\040\000o\000f\000\040\000h\000u\000m\000a\000n\000o\000d\000\040\000r\000o\000b\000o\000t\000s}{chapter.1}% 4
\BOOKMARK [1][-]{section.1.4}{\376\377\000M\000e\000a\000s\000u\000r\000i\000n\000g\000\040\000H\000u\000m\000a\000n\000\040\000M\000o\000v\000e\000m\000e\000n\000t}{chapter.1}% 5
\BOOKMARK [1][-]{section.1.5}{\376\377\000H\000u\000m\000a\000n\000o\000i\000d\000\040\000r\000o\000b\000o\000t\000s}{chapter.1}% 6
\BOOKMARK [1][-]{section.1.6}{\376\377\000M\000o\000t\000i\000o\000n\000\040\000I\000m\000i\000t\000a\000t\000i\000o\000n}{chapter.1}% 7
\BOOKMARK [1][-]{section.1.7}{\376\377\000P\000r\000o\000b\000l\000e\000m\000\040\000S\000t\000a\000t\000e\000m\000e\000n\000t}{chapter.1}% 8
\BOOKMARK [1][-]{section.1.8}{\376\377\000T\000h\000e\000s\000i\000s\000\040\000O\000r\000g\000a\000n\000i\000s\000a\000t\000i\000o\000n}{chapter.1}% 9
\BOOKMARK [0][-]{chapter.2}{\376\377\000S\000t\000a\000t\000e\000\040\000o\000f\000\040\000t\000h\000e\000\040\000A\000r\000t}{}% 10
\BOOKMARK [1][-]{section.2.1}{\376\377\000A\000p\000p\000r\000o\000a\000c\000h\000e\000s\000\040\000i\000n\000\040\000H\000u\000m\000a\000n\000o\000i\000d\000\040\000R\000o\000b\000o\000t\000\040\000C\000o\000n\000t\000r\000o\000l}{chapter.2}% 11
\BOOKMARK [2][-]{subsection.2.1.1}{\376\377\000M\000o\000t\000i\000o\000n\000\040\000P\000l\000a\000n\000n\000n\000i\000g}{section.2.1}% 12
\BOOKMARK [2][-]{subsection.2.1.2}{\376\377\000K\000i\000n\000e\000m\000a\000t\000i\000c\000s\000\040\000A\000p\000p\000r\000o\000a\000c\000h}{section.2.1}% 13
\BOOKMARK [2][-]{subsection.2.1.3}{\376\377\000D\000y\000n\000a\000m\000i\000c\000s\000\040\000A\000p\000p\000r\000o\000a\000c\000h}{section.2.1}% 14
\BOOKMARK [2][-]{subsection.2.1.4}{\376\377\000O\000p\000t\000i\000m\000a\000l\000\040\000C\000o\000n\000t\000r\000o\000l}{section.2.1}% 15
\BOOKMARK [1][-]{section.2.2}{\376\377\000A\000p\000p\000r\000o\000a\000c\000h\000e\000s\000\040\000i\000n\000\040\000H\000u\000m\000a\000n\000o\000i\000d\000\040\000B\000a\000l\000a\000n\000c\000e\000\040\000C\000o\000n\000t\000r\000o\000l}{chapter.2}% 16
\BOOKMARK [2][-]{subsection.2.2.1}{\376\377\000L\000i\000n\000e\000a\000r\000\040\000I\000n\000v\000e\000r\000s\000e\000\040\000P\000e\000n\000d\000u\000l\000u\000m\000\040\000A\000p\000p\000r\000o\000a\000c\000h}{section.2.2}% 17
\BOOKMARK [2][-]{subsection.2.2.2}{\376\377\000D\000o\000u\000b\000l\000e\000\040\000I\000n\000v\000e\000r\000s\000e\000\040\000P\000e\000n\000d\000u\000l\000u\000m\000\040\000A\000p\000p\000r\000o\000a\000c\000h}{section.2.2}% 18
\BOOKMARK [2][-]{subsection.2.2.3}{\376\377\000C\000a\000r\000t\000\040\000T\000a\000b\000l\000e\000\040\000M\000o\000d\000e\000l}{section.2.2}% 19
\BOOKMARK [2][-]{subsection.2.2.4}{\376\377\000S\000p\000h\000e\000r\000i\000c\000a\000l\000\040\000I\000n\000v\000e\000r\000s\000e\000\040\000P\000e\000n\000d\000u\000l\000u\000m\000\040\000A\000p\000p\000r\000o\000a\000c\000h}{section.2.2}% 20
\BOOKMARK [1][-]{section.2.3}{\376\377\000A\000p\000p\000r\000o\000a\000c\000h\000e\000s\000\040\000i\000n\000\040\000P\000o\000s\000t\000u\000r\000e\000\040\000C\000o\000n\000t\000r\000o\000l\000\040\000a\000n\000d\000\040\000M\000o\000t\000i\000o\000n\000\040\000R\000e\000t\000a\000r\000g\000e\000t\000t\000i\000n\000g}{chapter.2}% 21
\BOOKMARK [2][-]{subsection.2.3.1}{\376\377\000M\000a\000n\000s\000a\000r\000d\000'\000s\000\040\000w\000o\000r\000k}{section.2.3}% 22
\BOOKMARK [2][-]{subsection.2.3.2}{\376\377\000D\000.\000\040\000G\000u\000c\000c\000i\000'\000s\000\040\000w\000o\000r\000k}{section.2.3}% 23
\BOOKMARK [2][-]{subsection.2.3.3}{\376\377\000K\000u\000m\000a\000r\000\040\000M\000u\000n\000i\000r\000a\000t\000h\000i\000n\000a\000m\000'\000s\000\040\000w\000o\000r\000k}{section.2.3}% 24
\BOOKMARK [0][-]{chapter.3}{\376\377\000D\000y\000n\000a\000m\000i\000c\000s\000\040\000B\000a\000s\000e\000d\000\040\000W\000h\000o\000l\000e\000\040\000B\000o\000d\000y\000\040\000I\000m\000i\000t\000a\000t\000i\000o\000n}{}% 25
\BOOKMARK [1][-]{section.3.1}{\376\377\000D\000y\000n\000a\000m\000i\000c\000\040\000C\000o\000n\000s\000i\000d\000e\000r\000a\000t\000i\000o\000n\000s}{chapter.3}% 26
\BOOKMARK [2][-]{subsection.3.1.1}{\376\377\000R\000i\000g\000i\000d\000\040\000b\000o\000d\000y\000\040\000c\000o\000n\000s\000t\000r\000a\000i\000n\000t\000s}{section.3.1}% 27
\BOOKMARK [2][-]{subsection.3.1.2}{\376\377\000M\000u\000l\000t\000i\000\040\000b\000o\000d\000y\000\040\000c\000o\000n\000s\000t\000r\000a\000i\000n\000t\000s}{section.3.1}% 28
\BOOKMARK [2][-]{subsection.3.1.3}{\376\377\000Z\000M\000P}{section.3.1}% 29
\BOOKMARK [2][-]{subsection.3.1.4}{\376\377\000D\000y\000n\000a\000m\000i\000c\000\040\000M\000o\000d\000e\000l\000\040\000o\000f\000\040\000h\000u\000m\000a\000n\000o\000i\000d\000\040\000r\000o\000b\000o\000t}{section.3.1}% 30
\BOOKMARK [2][-]{subsection.3.1.5}{\376\377\000S\000i\000m\000p\000l\000i\000e\000d\000\040\000d\000y\000n\000a\000m\000i\000c\000\040\000m\000o\000d\000e\000l\000\040\000u\000s\000i\000n\000g\000\040\000L\000I\000P\000M}{section.3.1}% 31
\BOOKMARK [1][-]{section.3.2}{\376\377\000C\000o\000n\000t\000r\000o\000l\000\040\000A\000p\000p\000r\000o\000a\000c\000h}{chapter.3}% 32
\BOOKMARK [2][-]{subsection.3.2.1}{\376\377\000B\000a\000l\000a\000n\000c\000e\000\040\000C\000o\000n\000t\000r\000o\000l}{section.3.2}% 33
\BOOKMARK [2][-]{subsection.3.2.2}{\376\377\000P\000o\000s\000t\000u\000r\000e\000\040\000C\000o\000n\000t\000r\000o\000l}{section.3.2}% 34
\BOOKMARK [2][-]{subsection.3.2.3}{\376\377\000A\000c\000c\000e\000l\000e\000r\000a\000t\000i\000o\000n\000\040\000C\000o\000n\000t\000r\000o\000l}{section.3.2}% 35
\BOOKMARK [1][-]{section.3.3}{\376\377\000T\000a\000s\000k\000\040\000S\000p\000e\000c\000i\000f\000i\000c\000a\000t\000i\000o\000n\000\040\000A\000p\000p\000r\000o\000a\000c\000h}{chapter.3}% 36
\BOOKMARK [2][-]{subsection.3.3.1}{\376\377\000J\000o\000i\000n\000t\000\040\000t\000r\000a\000j\000e\000c\000t\000o\000r\000y\000\040\000t\000r\000a\000c\000k\000i\000n\000g}{section.3.3}% 37
\BOOKMARK [2][-]{subsection.3.3.2}{\376\377\000B\000a\000l\000a\000n\000c\000e\000\040\000C\000o\000n\000t\000r\000o\000l}{section.3.3}% 38
\BOOKMARK [2][-]{subsection.3.3.3}{\376\377\000P\000o\000s\000t\000u\000r\000e\000\040\000C\000o\000n\000t\000r\000o\000l}{section.3.3}% 39
\BOOKMARK [2][-]{subsection.3.3.4}{\376\377\000J\000o\000i\000n\000t\000\040\000L\000i\000m\000i\000t\000s\000\040\000A\000v\000o\000i\000d\000a\000n\000c\000e}{section.3.3}% 40
\BOOKMARK [0][-]{chapter.4}{\376\377\000I\000m\000p\000l\000e\000m\000e\000n\000t\000a\000t\000i\000o\000n}{}% 41
\BOOKMARK [1][-]{section.4.1}{\376\377\000N\000A\000O\000\040\000r\000o\000b\000o\000t}{chapter.4}% 42
\BOOKMARK [2][-]{subsection.4.1.1}{\376\377\000N\000A\000O\000q\000i\000\040\000C\000+\000+\000\040\000S\000D\000K}{section.4.1}% 43
\BOOKMARK [2][-]{subsection.4.1.2}{\376\377\000C\000o\000p\000e\000l\000l\000i\000a\000S\000i\000m\000\040\000s\000u\000p\000p\000o\000r\000t}{section.4.1}% 44
\BOOKMARK [1][-]{section.4.2}{\376\377\000X\000s\000e\000n\000s\000\040\000M\000V\000N\000\040\000A\000n\000a\000l\000y\000z\000e}{chapter.4}% 45
\BOOKMARK [2][-]{subsection.4.2.1}{\376\377\000S\000e\000n\000s\000o\000r\000\040\000S\000e\000t\000u\000p}{section.4.2}% 46
\BOOKMARK [2][-]{subsection.4.2.2}{\376\377\000X\000s\000e\000n\000s\000\040\000N\000e\000t\000w\000o\000r\000k\000i\000n\000g\000\040\000P\000r\000o\000t\000o\000c\000o\000l}{section.4.2}% 47
\BOOKMARK [2][-]{subsection.4.2.3}{\376\377\000N\000e\000t\000w\000o\000r\000k\000\040\000S\000t\000r\000e\000a\000m\000i\000n\000g}{section.4.2}% 48
\BOOKMARK [0][-]{chapter*.4}{\376\377\000C\000o\000n\000c\000l\000u\000s\000i\000o\000n}{}% 49
\BOOKMARK [0][-]{chapter*.4}{\376\377\000B\000i\000b\000l\000i\000o\000g\000r\000a\000p\000h\000y}{}% 50
