Detecting C compiler ABI info failed to compile with the following output:
Change Dir: /Users/franklinselva/Documents/Masters/THESIS/code/NAO-worktree/nao_dynamics_imitation/build/CMakeFiles/CMakeTmp

Run Build Command(s):/usr/bin/make cmTC_55a88/fast && /Applications/Xcode.app/Contents/Developer/usr/bin/make  -f CMakeFiles/cmTC_55a88.dir/build.make CMakeFiles/cmTC_55a88.dir/build
Building C object CMakeFiles/cmTC_55a88.dir/CMakeCCompilerABI.c.o
/usr/local/bin/gcc-10   -arch arm64 -isysroot /Applications/Xcode.app/Contents/Developer/Platforms/MacOSX.platform/Developer/SDKs/MacOSX11.1.sdk   -v -Wl,-v -o CMakeFiles/cmTC_55a88.dir/CMakeCCompilerABI.c.o -c /Applications/CMake.app/Contents/share/cmake-3.19/Modules/CMakeCCompilerABI.c
gcc-10: error: this compiler does not support arm64
Using built-in specs.
COLLECT_GCC=/usr/local/bin/gcc-10
Target: x86_64-apple-darwin20
Configured with: ../configure --build=x86_64-apple-darwin20 --prefix=/usr/local/Cellar/gcc/10.2.0_3 --libdir=/usr/local/Cellar/gcc/10.2.0_3/lib/gcc/10 --disable-nls --enable-checking=release --enable-languages=c,c++,objc,obj-c++,fortran --program-suffix=-10 --with-gmp=/usr/local/opt/gmp --with-mpfr=/usr/local/opt/mpfr --with-mpc=/usr/local/opt/libmpc --with-isl=/usr/local/opt/isl --with-system-zlib --with-pkgversion='Homebrew GCC 10.2.0_3' --with-bugurl=https://github.com/Homebrew/homebrew-core/issues --disable-multilib --with-native-system-header-dir=/usr/include --with-sysroot=/Library/Developer/CommandLineTools/SDKs/MacOSX.sdk SED=/usr/bin/sed
Thread model: posix
Supported LTO compression algorithms: zlib
gcc version 10.2.0 (Homebrew GCC 10.2.0_3) 
make[1]: *** [CMakeFiles/cmTC_55a88.dir/CMakeCCompilerABI.c.o] Error 1
make: *** [cmTC_55a88/fast] Error 2




Determining if the C compiler works failed with the following output:
Change Dir: /Users/franklinselva/Documents/Masters/THESIS/code/NAO-worktree/nao_dynamics_imitation/build/CMakeFiles/CMakeTmp

Run Build Command(s):/usr/bin/make cmTC_888d5/fast && /Applications/Xcode.app/Contents/Developer/usr/bin/make  -f CMakeFiles/cmTC_888d5.dir/build.make CMakeFiles/cmTC_888d5.dir/build
Building C object CMakeFiles/cmTC_888d5.dir/testCCompiler.c.o
/usr/local/bin/gcc-10   -arch arm64 -isysroot /Applications/Xcode.app/Contents/Developer/Platforms/MacOSX.platform/Developer/SDKs/MacOSX11.1.sdk -o CMakeFiles/cmTC_888d5.dir/testCCompiler.c.o -c /Users/franklinselva/Documents/Masters/THESIS/code/NAO-worktree/nao_dynamics_imitation/build/CMakeFiles/CMakeTmp/testCCompiler.c
gcc-10: error: this compiler does not support arm64
make[1]: *** [CMakeFiles/cmTC_888d5.dir/testCCompiler.c.o] Error 1
make: *** [cmTC_888d5/fast] Error 2



Compiling the C compiler identification source file "CMakeCCompilerId.c" failed.
Compiler: /usr/local/bin/gcc-10 
Build flags: 
Id flags:  

The output was:
1
ld: library not found for -lSystem
collect2: error: ld returned 1 exit status


Compiling the CXX compiler identification source file "CMakeCXXCompilerId.cpp" failed.
Compiler: /usr/local/bin/g++-10 
Build flags: 
Id flags:  

The output was:
1
ld: library not found for -lSystem
collect2: error: ld returned 1 exit status


Detecting C compiler ABI info failed to compile with the following output:
Change Dir: /Users/franklinselva/Documents/Masters/THESIS/code/NAO-worktree/nao_dynamics_imitation/build/CMakeFiles/CMakeTmp

Run Build Command(s):/usr/bin/make cmTC_b8250/fast && /Applications/Xcode.app/Contents/Developer/usr/bin/make  -f CMakeFiles/cmTC_b8250.dir/build.make CMakeFiles/cmTC_b8250.dir/build
Building C object CMakeFiles/cmTC_b8250.dir/CMakeCCompilerABI.c.o
/usr/local/bin/gcc-10   -arch arm64 -isysroot /Applications/Xcode.app/Contents/Developer/Platforms/MacOSX.platform/Developer/SDKs/MacOSX11.1.sdk   -v -Wl,-v -o CMakeFiles/cmTC_b8250.dir/CMakeCCompilerABI.c.o -c /Applications/CMake.app/Contents/share/cmake-3.19/Modules/CMakeCCompilerABI.c
gcc-10: error: this compiler does not support arm64
Using built-in specs.
COLLECT_GCC=/usr/local/bin/gcc-10
Target: x86_64-apple-darwin20
Configured with: ../configure --build=x86_64-apple-darwin20 --prefix=/usr/local/Cellar/gcc/10.2.0_3 --libdir=/usr/local/Cellar/gcc/10.2.0_3/lib/gcc/10 --disable-nls --enable-checking=release --enable-languages=c,c++,objc,obj-c++,fortran --program-suffix=-10 --with-gmp=/usr/local/opt/gmp --with-mpfr=/usr/local/opt/mpfr --with-mpc=/usr/local/opt/libmpc --with-isl=/usr/local/opt/isl --with-system-zlib --with-pkgversion='Homebrew GCC 10.2.0_3' --with-bugurl=https://github.com/Homebrew/homebrew-core/issues --disable-multilib --with-native-system-header-dir=/usr/include --with-sysroot=/Library/Developer/CommandLineTools/SDKs/MacOSX.sdk SED=/usr/bin/sed
Thread model: posix
Supported LTO compression algorithms: zlib
gcc version 10.2.0 (Homebrew GCC 10.2.0_3) 
make[1]: *** [CMakeFiles/cmTC_b8250.dir/CMakeCCompilerABI.c.o] Error 1
make: *** [cmTC_b8250/fast] Error 2




Determining if the C compiler works failed with the following output:
Change Dir: /Users/franklinselva/Documents/Masters/THESIS/code/NAO-worktree/nao_dynamics_imitation/build/CMakeFiles/CMakeTmp

Run Build Command(s):/usr/bin/make cmTC_e40f6/fast && /Applications/Xcode.app/Contents/Developer/usr/bin/make  -f CMakeFiles/cmTC_e40f6.dir/build.make CMakeFiles/cmTC_e40f6.dir/build
Building C object CMakeFiles/cmTC_e40f6.dir/testCCompiler.c.o
/usr/local/bin/gcc-10   -arch arm64 -isysroot /Applications/Xcode.app/Contents/Developer/Platforms/MacOSX.platform/Developer/SDKs/MacOSX11.1.sdk -o CMakeFiles/cmTC_e40f6.dir/testCCompiler.c.o -c /Users/franklinselva/Documents/Masters/THESIS/code/NAO-worktree/nao_dynamics_imitation/build/CMakeFiles/CMakeTmp/testCCompiler.c
gcc-10: error: this compiler does not support arm64
make[1]: *** [CMakeFiles/cmTC_e40f6.dir/testCCompiler.c.o] Error 1
make: *** [cmTC_e40f6/fast] Error 2



Compiling the C compiler identification source file "CMakeCCompilerId.c" failed.
Compiler: /usr/local/bin/gcc-10 
Build flags: 
Id flags:  

The output was:
1
ld: library not found for -lSystem
collect2: error: ld returned 1 exit status


Compiling the CXX compiler identification source file "CMakeCXXCompilerId.cpp" failed.
Compiler: /usr/local/bin/g++-10 
Build flags: 
Id flags:  

The output was:
1
ld: library not found for -lSystem
collect2: error: ld returned 1 exit status


Detecting C compiler ABI info failed to compile with the following output:
Change Dir: /Users/franklinselva/Documents/Masters/THESIS/code/NAO-worktree/nao_dynamics_imitation/build/CMakeFiles/CMakeTmp

Run Build Command(s):/usr/bin/make cmTC_801ef/fast && /Applications/Xcode.app/Contents/Developer/usr/bin/make  -f CMakeFiles/cmTC_801ef.dir/build.make CMakeFiles/cmTC_801ef.dir/build
Building C object CMakeFiles/cmTC_801ef.dir/CMakeCCompilerABI.c.o
/usr/local/bin/gcc-10   -arch arm64 -isysroot /Applications/Xcode.app/Contents/Developer/Platforms/MacOSX.platform/Developer/SDKs/MacOSX11.1.sdk   -v -Wl,-v -o CMakeFiles/cmTC_801ef.dir/CMakeCCompilerABI.c.o -c /Applications/CMake.app/Contents/share/cmake-3.19/Modules/CMakeCCompilerABI.c
gcc-10: error: this compiler does not support arm64
Using built-in specs.
COLLECT_GCC=/usr/local/bin/gcc-10
Target: x86_64-apple-darwin20
Configured with: ../configure --build=x86_64-apple-darwin20 --prefix=/usr/local/Cellar/gcc/10.2.0_3 --libdir=/usr/local/Cellar/gcc/10.2.0_3/lib/gcc/10 --disable-nls --enable-checking=release --enable-languages=c,c++,objc,obj-c++,fortran --program-suffix=-10 --with-gmp=/usr/local/opt/gmp --with-mpfr=/usr/local/opt/mpfr --with-mpc=/usr/local/opt/libmpc --with-isl=/usr/local/opt/isl --with-system-zlib --with-pkgversion='Homebrew GCC 10.2.0_3' --with-bugurl=https://github.com/Homebrew/homebrew-core/issues --disable-multilib --with-native-system-header-dir=/usr/include --with-sysroot=/Library/Developer/CommandLineTools/SDKs/MacOSX.sdk SED=/usr/bin/sed
Thread model: posix
Supported LTO compression algorithms: zlib
gcc version 10.2.0 (Homebrew GCC 10.2.0_3) 
make[1]: *** [CMakeFiles/cmTC_801ef.dir/CMakeCCompilerABI.c.o] Error 1
make: *** [cmTC_801ef/fast] Error 2




Determining if the C compiler works failed with the following output:
Change Dir: /Users/franklinselva/Documents/Masters/THESIS/code/NAO-worktree/nao_dynamics_imitation/build/CMakeFiles/CMakeTmp

Run Build Command(s):/usr/bin/make cmTC_2b2d9/fast && /Applications/Xcode.app/Contents/Developer/usr/bin/make  -f CMakeFiles/cmTC_2b2d9.dir/build.make CMakeFiles/cmTC_2b2d9.dir/build
Building C object CMakeFiles/cmTC_2b2d9.dir/testCCompiler.c.o
/usr/local/bin/gcc-10   -arch arm64 -isysroot /Applications/Xcode.app/Contents/Developer/Platforms/MacOSX.platform/Developer/SDKs/MacOSX11.1.sdk -o CMakeFiles/cmTC_2b2d9.dir/testCCompiler.c.o -c /Users/franklinselva/Documents/Masters/THESIS/code/NAO-worktree/nao_dynamics_imitation/build/CMakeFiles/CMakeTmp/testCCompiler.c
gcc-10: error: this compiler does not support arm64
make[1]: *** [CMakeFiles/cmTC_2b2d9.dir/testCCompiler.c.o] Error 1
make: *** [cmTC_2b2d9/fast] Error 2



Compiling the C compiler identification source file "CMakeCCompilerId.c" failed.
Compiler: /usr/local/bin/gcc-10 
Build flags: 
Id flags:  

The output was:
1
ld: library not found for -lSystem
collect2: error: ld returned 1 exit status


Compiling the CXX compiler identification source file "CMakeCXXCompilerId.cpp" failed.
Compiler: /usr/local/bin/g++-10 
Build flags: 
Id flags:  

The output was:
1
ld: library not found for -lSystem
collect2: error: ld returned 1 exit status


Detecting C compiler ABI info failed to compile with the following output:
Change Dir: /Users/franklinselva/Documents/Masters/THESIS/code/NAO-worktree/nao_dynamics_imitation/build/CMakeFiles/CMakeTmp

Run Build Command(s):/usr/bin/make cmTC_57d0a/fast && /Applications/Xcode.app/Contents/Developer/usr/bin/make  -f CMakeFiles/cmTC_57d0a.dir/build.make CMakeFiles/cmTC_57d0a.dir/build
Building C object CMakeFiles/cmTC_57d0a.dir/CMakeCCompilerABI.c.o
/usr/local/bin/gcc-10   -arch arm64 -isysroot /Applications/Xcode.app/Contents/Developer/Platforms/MacOSX.platform/Developer/SDKs/MacOSX11.1.sdk   -v -Wl,-v -o CMakeFiles/cmTC_57d0a.dir/CMakeCCompilerABI.c.o -c /Applications/CMake.app/Contents/share/cmake-3.19/Modules/CMakeCCompilerABI.c
gcc-10: error: this compiler does not support arm64
Using built-in specs.
COLLECT_GCC=/usr/local/bin/gcc-10
Target: x86_64-apple-darwin20
Configured with: ../configure --build=x86_64-apple-darwin20 --prefix=/usr/local/Cellar/gcc/10.2.0_3 --libdir=/usr/local/Cellar/gcc/10.2.0_3/lib/gcc/10 --disable-nls --enable-checking=release --enable-languages=c,c++,objc,obj-c++,fortran --program-suffix=-10 --with-gmp=/usr/local/opt/gmp --with-mpfr=/usr/local/opt/mpfr --with-mpc=/usr/local/opt/libmpc --with-isl=/usr/local/opt/isl --with-system-zlib --with-pkgversion='Homebrew GCC 10.2.0_3' --with-bugurl=https://github.com/Homebrew/homebrew-core/issues --disable-multilib --with-native-system-header-dir=/usr/include --with-sysroot=/Library/Developer/CommandLineTools/SDKs/MacOSX.sdk SED=/usr/bin/sed
Thread model: posix
Supported LTO compression algorithms: zlib
gcc version 10.2.0 (Homebrew GCC 10.2.0_3) 
make[1]: *** [CMakeFiles/cmTC_57d0a.dir/CMakeCCompilerABI.c.o] Error 1
make: *** [cmTC_57d0a/fast] Error 2




Determining if the C compiler works failed with the following output:
Change Dir: /Users/franklinselva/Documents/Masters/THESIS/code/NAO-worktree/nao_dynamics_imitation/build/CMakeFiles/CMakeTmp

Run Build Command(s):/usr/bin/make cmTC_c8780/fast && /Applications/Xcode.app/Contents/Developer/usr/bin/make  -f CMakeFiles/cmTC_c8780.dir/build.make CMakeFiles/cmTC_c8780.dir/build
Building C object CMakeFiles/cmTC_c8780.dir/testCCompiler.c.o
/usr/local/bin/gcc-10   -arch arm64 -isysroot /Applications/Xcode.app/Contents/Developer/Platforms/MacOSX.platform/Developer/SDKs/MacOSX11.1.sdk -o CMakeFiles/cmTC_c8780.dir/testCCompiler.c.o -c /Users/franklinselva/Documents/Masters/THESIS/code/NAO-worktree/nao_dynamics_imitation/build/CMakeFiles/CMakeTmp/testCCompiler.c
gcc-10: error: this compiler does not support arm64
make[1]: *** [CMakeFiles/cmTC_c8780.dir/testCCompiler.c.o] Error 1
make: *** [cmTC_c8780/fast] Error 2



Compiling the C compiler identification source file "CMakeCCompilerId.c" failed.
Compiler: /usr/local/bin/gcc-10 
Build flags: 
Id flags:  

The output was:
1
ld: library not found for -lSystem
collect2: error: ld returned 1 exit status


Compiling the CXX compiler identification source file "CMakeCXXCompilerId.cpp" failed.
Compiler: /usr/local/bin/g++-10 
Build flags: 
Id flags:  

The output was:
1
ld: library not found for -lSystem
collect2: error: ld returned 1 exit status


Detecting C compiler ABI info failed to compile with the following output:
Change Dir: /Users/franklinselva/Documents/Masters/THESIS/code/NAO-worktree/nao_dynamics_imitation/build/CMakeFiles/CMakeTmp

Run Build Command(s):/usr/bin/make cmTC_3ec44/fast && /Applications/Xcode.app/Contents/Developer/usr/bin/make  -f CMakeFiles/cmTC_3ec44.dir/build.make CMakeFiles/cmTC_3ec44.dir/build
Building C object CMakeFiles/cmTC_3ec44.dir/CMakeCCompilerABI.c.o
/usr/local/bin/gcc-10   -arch arm64 -isysroot /Applications/Xcode.app/Contents/Developer/Platforms/MacOSX.platform/Developer/SDKs/MacOSX11.1.sdk   -v -Wl,-v -o CMakeFiles/cmTC_3ec44.dir/CMakeCCompilerABI.c.o -c /Applications/CMake.app/Contents/share/cmake-3.19/Modules/CMakeCCompilerABI.c
gcc-10: error: this compiler does not support arm64
Using built-in specs.
COLLECT_GCC=/usr/local/bin/gcc-10
Target: x86_64-apple-darwin20
Configured with: ../configure --build=x86_64-apple-darwin20 --prefix=/usr/local/Cellar/gcc/10.2.0_3 --libdir=/usr/local/Cellar/gcc/10.2.0_3/lib/gcc/10 --disable-nls --enable-checking=release --enable-languages=c,c++,objc,obj-c++,fortran --program-suffix=-10 --with-gmp=/usr/local/opt/gmp --with-mpfr=/usr/local/opt/mpfr --with-mpc=/usr/local/opt/libmpc --with-isl=/usr/local/opt/isl --with-system-zlib --with-pkgversion='Homebrew GCC 10.2.0_3' --with-bugurl=https://github.com/Homebrew/homebrew-core/issues --disable-multilib --with-native-system-header-dir=/usr/include --with-sysroot=/Library/Developer/CommandLineTools/SDKs/MacOSX.sdk SED=/usr/bin/sed
Thread model: posix
Supported LTO compression algorithms: zlib
gcc version 10.2.0 (Homebrew GCC 10.2.0_3) 
make[1]: *** [CMakeFiles/cmTC_3ec44.dir/CMakeCCompilerABI.c.o] Error 1
make: *** [cmTC_3ec44/fast] Error 2




Determining if the C compiler works failed with the following output:
Change Dir: /Users/franklinselva/Documents/Masters/THESIS/code/NAO-worktree/nao_dynamics_imitation/build/CMakeFiles/CMakeTmp

Run Build Command(s):/usr/bin/make cmTC_c14e8/fast && /Applications/Xcode.app/Contents/Developer/usr/bin/make  -f CMakeFiles/cmTC_c14e8.dir/build.make CMakeFiles/cmTC_c14e8.dir/build
Building C object CMakeFiles/cmTC_c14e8.dir/testCCompiler.c.o
/usr/local/bin/gcc-10   -arch arm64 -isysroot /Applications/Xcode.app/Contents/Developer/Platforms/MacOSX.platform/Developer/SDKs/MacOSX11.1.sdk -o CMakeFiles/cmTC_c14e8.dir/testCCompiler.c.o -c /Users/franklinselva/Documents/Masters/THESIS/code/NAO-worktree/nao_dynamics_imitation/build/CMakeFiles/CMakeTmp/testCCompiler.c
gcc-10: error: this compiler does not support arm64
make[1]: *** [CMakeFiles/cmTC_c14e8.dir/testCCompiler.c.o] Error 1
make: *** [cmTC_c14e8/fast] Error 2



Compiling the C compiler identification source file "CMakeCCompilerId.c" failed.
Compiler: /usr/local/bin/gcc-10 
Build flags: 
Id flags:  

The output was:
1
ld: library not found for -lSystem
collect2: error: ld returned 1 exit status


Compiling the CXX compiler identification source file "CMakeCXXCompilerId.cpp" failed.
Compiler: /usr/local/bin/g++-10 
Build flags: 
Id flags:  

The output was:
1
ld: library not found for -lSystem
collect2: error: ld returned 1 exit status


Detecting C compiler ABI info failed to compile with the following output:
Change Dir: /Users/franklinselva/Documents/Masters/THESIS/code/NAO-worktree/nao_dynamics_imitation/build/CMakeFiles/CMakeTmp

Run Build Command(s):/usr/bin/make cmTC_13c3b/fast && /Applications/Xcode.app/Contents/Developer/usr/bin/make  -f CMakeFiles/cmTC_13c3b.dir/build.make CMakeFiles/cmTC_13c3b.dir/build
Building C object CMakeFiles/cmTC_13c3b.dir/CMakeCCompilerABI.c.o
/usr/local/bin/gcc-10   -arch arm64 -isysroot /Applications/Xcode.app/Contents/Developer/Platforms/MacOSX.platform/Developer/SDKs/MacOSX11.1.sdk   -v -Wl,-v -o CMakeFiles/cmTC_13c3b.dir/CMakeCCompilerABI.c.o -c /Applications/CMake.app/Contents/share/cmake-3.19/Modules/CMakeCCompilerABI.c
gcc-10: error: this compiler does not support arm64
Using built-in specs.
COLLECT_GCC=/usr/local/bin/gcc-10
Target: x86_64-apple-darwin20
Configured with: ../configure --build=x86_64-apple-darwin20 --prefix=/usr/local/Cellar/gcc/10.2.0_3 --libdir=/usr/local/Cellar/gcc/10.2.0_3/lib/gcc/10 --disable-nls --enable-checking=release --enable-languages=c,c++,objc,obj-c++,fortran --program-suffix=-10 --with-gmp=/usr/local/opt/gmp --with-mpfr=/usr/local/opt/mpfr --with-mpc=/usr/local/opt/libmpc --with-isl=/usr/local/opt/isl --with-system-zlib --with-pkgversion='Homebrew GCC 10.2.0_3' --with-bugurl=https://github.com/Homebrew/homebrew-core/issues --disable-multilib --with-native-system-header-dir=/usr/include --with-sysroot=/Library/Developer/CommandLineTools/SDKs/MacOSX.sdk SED=/usr/bin/sed
Thread model: posix
Supported LTO compression algorithms: zlib
gcc version 10.2.0 (Homebrew GCC 10.2.0_3) 
make[1]: *** [CMakeFiles/cmTC_13c3b.dir/CMakeCCompilerABI.c.o] Error 1
make: *** [cmTC_13c3b/fast] Error 2




Determining if the C compiler works failed with the following output:
Change Dir: /Users/franklinselva/Documents/Masters/THESIS/code/NAO-worktree/nao_dynamics_imitation/build/CMakeFiles/CMakeTmp

Run Build Command(s):/usr/bin/make cmTC_fbabf/fast && /Applications/Xcode.app/Contents/Developer/usr/bin/make  -f CMakeFiles/cmTC_fbabf.dir/build.make CMakeFiles/cmTC_fbabf.dir/build
Building C object CMakeFiles/cmTC_fbabf.dir/testCCompiler.c.o
/usr/local/bin/gcc-10   -arch arm64 -isysroot /Applications/Xcode.app/Contents/Developer/Platforms/MacOSX.platform/Developer/SDKs/MacOSX11.1.sdk -o CMakeFiles/cmTC_fbabf.dir/testCCompiler.c.o -c /Users/franklinselva/Documents/Masters/THESIS/code/NAO-worktree/nao_dynamics_imitation/build/CMakeFiles/CMakeTmp/testCCompiler.c
gcc-10: error: this compiler does not support arm64
make[1]: *** [CMakeFiles/cmTC_fbabf.dir/testCCompiler.c.o] Error 1
make: *** [cmTC_fbabf/fast] Error 2



Compiling the C compiler identification source file "CMakeCCompilerId.c" failed.
Compiler: /usr/local/bin/gcc-10 
Build flags: 
Id flags:  

The output was:
1
ld: library not found for -lSystem
collect2: error: ld returned 1 exit status


Compiling the CXX compiler identification source file "CMakeCXXCompilerId.cpp" failed.
Compiler: /usr/local/bin/g++-10 
Build flags: 
Id flags:  

The output was:
1
ld: library not found for -lSystem
collect2: error: ld returned 1 exit status


Detecting C compiler ABI info failed to compile with the following output:
Change Dir: /Users/franklinselva/Documents/Masters/THESIS/code/NAO-worktree/nao_dynamics_imitation/build/CMakeFiles/CMakeTmp

Run Build Command(s):/usr/bin/make cmTC_8cbaf/fast && /Applications/Xcode.app/Contents/Developer/usr/bin/make  -f CMakeFiles/cmTC_8cbaf.dir/build.make CMakeFiles/cmTC_8cbaf.dir/build
Building C object CMakeFiles/cmTC_8cbaf.dir/CMakeCCompilerABI.c.o
/usr/local/bin/gcc-10   -arch arm64 -isysroot /Applications/Xcode.app/Contents/Developer/Platforms/MacOSX.platform/Developer/SDKs/MacOSX11.1.sdk   -v -Wl,-v -o CMakeFiles/cmTC_8cbaf.dir/CMakeCCompilerABI.c.o -c /Applications/CMake.app/Contents/share/cmake-3.19/Modules/CMakeCCompilerABI.c
gcc-10: error: this compiler does not support arm64
Using built-in specs.
COLLECT_GCC=/usr/local/bin/gcc-10
Target: x86_64-apple-darwin20
Configured with: ../configure --build=x86_64-apple-darwin20 --prefix=/usr/local/Cellar/gcc/10.2.0_3 --libdir=/usr/local/Cellar/gcc/10.2.0_3/lib/gcc/10 --disable-nls --enable-checking=release --enable-languages=c,c++,objc,obj-c++,fortran --program-suffix=-10 --with-gmp=/usr/local/opt/gmp --with-mpfr=/usr/local/opt/mpfr --with-mpc=/usr/local/opt/libmpc --with-isl=/usr/local/opt/isl --with-system-zlib --with-pkgversion='Homebrew GCC 10.2.0_3' --with-bugurl=https://github.com/Homebrew/homebrew-core/issues --disable-multilib --with-native-system-header-dir=/usr/include --with-sysroot=/Library/Developer/CommandLineTools/SDKs/MacOSX.sdk SED=/usr/bin/sed
Thread model: posix
Supported LTO compression algorithms: zlib
gcc version 10.2.0 (Homebrew GCC 10.2.0_3) 
make[1]: *** [CMakeFiles/cmTC_8cbaf.dir/CMakeCCompilerABI.c.o] Error 1
make: *** [cmTC_8cbaf/fast] Error 2




Determining if the C compiler works failed with the following output:
Change Dir: /Users/franklinselva/Documents/Masters/THESIS/code/NAO-worktree/nao_dynamics_imitation/build/CMakeFiles/CMakeTmp

Run Build Command(s):/usr/bin/make cmTC_e0b95/fast && /Applications/Xcode.app/Contents/Developer/usr/bin/make  -f CMakeFiles/cmTC_e0b95.dir/build.make CMakeFiles/cmTC_e0b95.dir/build
Building C object CMakeFiles/cmTC_e0b95.dir/testCCompiler.c.o
/usr/local/bin/gcc-10   -arch arm64 -isysroot /Applications/Xcode.app/Contents/Developer/Platforms/MacOSX.platform/Developer/SDKs/MacOSX11.1.sdk -o CMakeFiles/cmTC_e0b95.dir/testCCompiler.c.o -c /Users/franklinselva/Documents/Masters/THESIS/code/NAO-worktree/nao_dynamics_imitation/build/CMakeFiles/CMakeTmp/testCCompiler.c
gcc-10: error: this compiler does not support arm64
make[1]: *** [CMakeFiles/cmTC_e0b95.dir/testCCompiler.c.o] Error 1
make: *** [cmTC_e0b95/fast] Error 2



Compiling the C compiler identification source file "CMakeCCompilerId.c" failed.
Compiler: /usr/local/bin/gcc-10 
Build flags: 
Id flags:  

The output was:
1
ld: library not found for -lSystem
collect2: error: ld returned 1 exit status


Compiling the CXX compiler identification source file "CMakeCXXCompilerId.cpp" failed.
Compiler: /usr/local/bin/g++-10 
Build flags: 
Id flags:  

The output was:
1
ld: library not found for -lSystem
collect2: error: ld returned 1 exit status


Detecting C compiler ABI info failed to compile with the following output:
Change Dir: /Users/franklinselva/Documents/Masters/THESIS/code/NAO-worktree/nao_dynamics_imitation/build/CMakeFiles/CMakeTmp

Run Build Command(s):/usr/bin/make cmTC_4497a/fast && /Applications/Xcode.app/Contents/Developer/usr/bin/make  -f CMakeFiles/cmTC_4497a.dir/build.make CMakeFiles/cmTC_4497a.dir/build
Building C object CMakeFiles/cmTC_4497a.dir/CMakeCCompilerABI.c.o
/usr/local/bin/gcc-10   -arch arm64 -isysroot /Applications/Xcode.app/Contents/Developer/Platforms/MacOSX.platform/Developer/SDKs/MacOSX11.1.sdk   -v -Wl,-v -o CMakeFiles/cmTC_4497a.dir/CMakeCCompilerABI.c.o -c /Applications/CMake.app/Contents/share/cmake-3.19/Modules/CMakeCCompilerABI.c
gcc-10: error: this compiler does not support arm64
Using built-in specs.
COLLECT_GCC=/usr/local/bin/gcc-10
Target: x86_64-apple-darwin20
Configured with: ../configure --build=x86_64-apple-darwin20 --prefix=/usr/local/Cellar/gcc/10.2.0_3 --libdir=/usr/local/Cellar/gcc/10.2.0_3/lib/gcc/10 --disable-nls --enable-checking=release --enable-languages=c,c++,objc,obj-c++,fortran --program-suffix=-10 --with-gmp=/usr/local/opt/gmp --with-mpfr=/usr/local/opt/mpfr --with-mpc=/usr/local/opt/libmpc --with-isl=/usr/local/opt/isl --with-system-zlib --with-pkgversion='Homebrew GCC 10.2.0_3' --with-bugurl=https://github.com/Homebrew/homebrew-core/issues --disable-multilib --with-native-system-header-dir=/usr/include --with-sysroot=/Library/Developer/CommandLineTools/SDKs/MacOSX.sdk SED=/usr/bin/sed
Thread model: posix
Supported LTO compression algorithms: zlib
gcc version 10.2.0 (Homebrew GCC 10.2.0_3) 
make[1]: *** [CMakeFiles/cmTC_4497a.dir/CMakeCCompilerABI.c.o] Error 1
make: *** [cmTC_4497a/fast] Error 2




Determining if the C compiler works failed with the following output:
Change Dir: /Users/franklinselva/Documents/Masters/THESIS/code/NAO-worktree/nao_dynamics_imitation/build/CMakeFiles/CMakeTmp

Run Build Command(s):/usr/bin/make cmTC_506cc/fast && /Applications/Xcode.app/Contents/Developer/usr/bin/make  -f CMakeFiles/cmTC_506cc.dir/build.make CMakeFiles/cmTC_506cc.dir/build
Building C object CMakeFiles/cmTC_506cc.dir/testCCompiler.c.o
/usr/local/bin/gcc-10   -arch arm64 -isysroot /Applications/Xcode.app/Contents/Developer/Platforms/MacOSX.platform/Developer/SDKs/MacOSX11.1.sdk -o CMakeFiles/cmTC_506cc.dir/testCCompiler.c.o -c /Users/franklinselva/Documents/Masters/THESIS/code/NAO-worktree/nao_dynamics_imitation/build/CMakeFiles/CMakeTmp/testCCompiler.c
gcc-10: error: this compiler does not support arm64
make[1]: *** [CMakeFiles/cmTC_506cc.dir/testCCompiler.c.o] Error 1
make: *** [cmTC_506cc/fast] Error 2



Compiling the C compiler identification source file "CMakeCCompilerId.c" failed.
Compiler: /usr/local/bin/gcc-10 
Build flags: 
Id flags:  

The output was:
1
ld: library not found for -lSystem
collect2: error: ld returned 1 exit status


Compiling the CXX compiler identification source file "CMakeCXXCompilerId.cpp" failed.
Compiler: /usr/local/bin/g++-10 
Build flags: 
Id flags:  

The output was:
1
ld: library not found for -lSystem
collect2: error: ld returned 1 exit status


Detecting C compiler ABI info failed to compile with the following output:
Change Dir: /Users/franklinselva/Documents/Masters/THESIS/code/NAO-worktree/nao_dynamics_imitation/build/CMakeFiles/CMakeTmp

Run Build Command(s):/usr/bin/make cmTC_fb35f/fast && /Applications/Xcode.app/Contents/Developer/usr/bin/make  -f CMakeFiles/cmTC_fb35f.dir/build.make CMakeFiles/cmTC_fb35f.dir/build
Building C object CMakeFiles/cmTC_fb35f.dir/CMakeCCompilerABI.c.o
/usr/local/bin/gcc-10   -arch arm64 -isysroot /Applications/Xcode.app/Contents/Developer/Platforms/MacOSX.platform/Developer/SDKs/MacOSX11.1.sdk   -v -Wl,-v -o CMakeFiles/cmTC_fb35f.dir/CMakeCCompilerABI.c.o -c /Applications/CMake.app/Contents/share/cmake-3.19/Modules/CMakeCCompilerABI.c
gcc-10: error: this compiler does not support arm64
Using built-in specs.
COLLECT_GCC=/usr/local/bin/gcc-10
Target: x86_64-apple-darwin20
Configured with: ../configure --build=x86_64-apple-darwin20 --prefix=/usr/local/Cellar/gcc/10.2.0_3 --libdir=/usr/local/Cellar/gcc/10.2.0_3/lib/gcc/10 --disable-nls --enable-checking=release --enable-languages=c,c++,objc,obj-c++,fortran --program-suffix=-10 --with-gmp=/usr/local/opt/gmp --with-mpfr=/usr/local/opt/mpfr --with-mpc=/usr/local/opt/libmpc --with-isl=/usr/local/opt/isl --with-system-zlib --with-pkgversion='Homebrew GCC 10.2.0_3' --with-bugurl=https://github.com/Homebrew/homebrew-core/issues --disable-multilib --with-native-system-header-dir=/usr/include --with-sysroot=/Library/Developer/CommandLineTools/SDKs/MacOSX.sdk SED=/usr/bin/sed
Thread model: posix
Supported LTO compression algorithms: zlib
gcc version 10.2.0 (Homebrew GCC 10.2.0_3) 
make[1]: *** [CMakeFiles/cmTC_fb35f.dir/CMakeCCompilerABI.c.o] Error 1
make: *** [cmTC_fb35f/fast] Error 2




Determining if the C compiler works failed with the following output:
Change Dir: /Users/franklinselva/Documents/Masters/THESIS/code/NAO-worktree/nao_dynamics_imitation/build/CMakeFiles/CMakeTmp

Run Build Command(s):/usr/bin/make cmTC_36142/fast && /Applications/Xcode.app/Contents/Developer/usr/bin/make  -f CMakeFiles/cmTC_36142.dir/build.make CMakeFiles/cmTC_36142.dir/build
Building C object CMakeFiles/cmTC_36142.dir/testCCompiler.c.o
/usr/local/bin/gcc-10   -arch arm64 -isysroot /Applications/Xcode.app/Contents/Developer/Platforms/MacOSX.platform/Developer/SDKs/MacOSX11.1.sdk -o CMakeFiles/cmTC_36142.dir/testCCompiler.c.o -c /Users/franklinselva/Documents/Masters/THESIS/code/NAO-worktree/nao_dynamics_imitation/build/CMakeFiles/CMakeTmp/testCCompiler.c
gcc-10: error: this compiler does not support arm64
make[1]: *** [CMakeFiles/cmTC_36142.dir/testCCompiler.c.o] Error 1
make: *** [cmTC_36142/fast] Error 2



