The system is: Darwin - 20.3.0 - arm64
Compiling the C compiler identification source file "CMakeCCompilerId.c" succeeded.
Compiler: /usr/local/bin/gcc-10 
Build flags: 
Id flags:  

The output was:
0


Compilation of the C compiler identification source "CMakeCCompilerId.c" produced "a.out"

The C compiler identification is GNU, found in "/Users/franklinselva/Documents/Masters/THESIS/code/NAO-worktree/nao_dynamics_imitation/build/CMakeFiles/3.19.2/CompilerIdC/a.out"

Compiling the CXX compiler identification source file "CMakeCXXCompilerId.cpp" succeeded.
Compiler: /usr/local/bin/g++-10 
Build flags: 
Id flags:  

The output was:
0


Compilation of the CXX compiler identification source "CMakeCXXCompilerId.cpp" produced "a.out"

The CXX compiler identification is GNU, found in "/Users/franklinselva/Documents/Masters/THESIS/code/NAO-worktree/nao_dynamics_imitation/build/CMakeFiles/3.19.2/CompilerIdCXX/a.out"

Compiling the C compiler identification source file "CMakeCCompilerId.c" succeeded.
Compiler: /usr/local/bin/gcc-10 
Build flags: 
Id flags: -c 

The output was:
0


Compilation of the C compiler identification source "CMakeCCompilerId.c" produced "CMakeCCompilerId.o"

The C compiler identification is GNU, found in "/Users/franklinselva/Documents/Masters/THESIS/code/NAO-worktree/nao_dynamics_imitation/build/CMakeFiles/3.19.2/CompilerIdC/CMakeCCompilerId.o"

Compiling the CXX compiler identification source file "CMakeCXXCompilerId.cpp" succeeded.
Compiler: /usr/local/bin/g++-10 
Build flags: 
Id flags: -c 

The output was:
0


Compilation of the CXX compiler identification source "CMakeCXXCompilerId.cpp" produced "CMakeCXXCompilerId.o"

The CXX compiler identification is GNU, found in "/Users/franklinselva/Documents/Masters/THESIS/code/NAO-worktree/nao_dynamics_imitation/build/CMakeFiles/3.19.2/CompilerIdCXX/CMakeCXXCompilerId.o"

Compiling the C compiler identification source file "CMakeCCompilerId.c" succeeded.
Compiler: /usr/local/bin/gcc-10 
Build flags: 
Id flags: -c 

The output was:
0


Compilation of the C compiler identification source "CMakeCCompilerId.c" produced "CMakeCCompilerId.o"

The C compiler identification is GNU, found in "/Users/franklinselva/Documents/Masters/THESIS/code/NAO-worktree/nao_dynamics_imitation/build/CMakeFiles/3.19.2/CompilerIdC/CMakeCCompilerId.o"

Compiling the CXX compiler identification source file "CMakeCXXCompilerId.cpp" succeeded.
Compiler: /usr/local/bin/g++-10 
Build flags: 
Id flags: -c 

The output was:
0


Compilation of the CXX compiler identification source "CMakeCXXCompilerId.cpp" produced "CMakeCXXCompilerId.o"

The CXX compiler identification is GNU, found in "/Users/franklinselva/Documents/Masters/THESIS/code/NAO-worktree/nao_dynamics_imitation/build/CMakeFiles/3.19.2/CompilerIdCXX/CMakeCXXCompilerId.o"

Compiling the C compiler identification source file "CMakeCCompilerId.c" succeeded.
Compiler: /usr/local/bin/gcc-10 
Build flags: 
Id flags: -c 

The output was:
0


Compilation of the C compiler identification source "CMakeCCompilerId.c" produced "CMakeCCompilerId.o"

The C compiler identification is GNU, found in "/Users/franklinselva/Documents/Masters/THESIS/code/NAO-worktree/nao_dynamics_imitation/build/CMakeFiles/3.19.2/CompilerIdC/CMakeCCompilerId.o"

Compiling the CXX compiler identification source file "CMakeCXXCompilerId.cpp" succeeded.
Compiler: /usr/local/bin/g++-10 
Build flags: 
Id flags: -c 

The output was:
0


Compilation of the CXX compiler identification source "CMakeCXXCompilerId.cpp" produced "CMakeCXXCompilerId.o"

The CXX compiler identification is GNU, found in "/Users/franklinselva/Documents/Masters/THESIS/code/NAO-worktree/nao_dynamics_imitation/build/CMakeFiles/3.19.2/CompilerIdCXX/CMakeCXXCompilerId.o"

Compiling the C compiler identification source file "CMakeCCompilerId.c" succeeded.
Compiler: /usr/local/bin/gcc-10 
Build flags: 
Id flags: -c 

The output was:
0


Compilation of the C compiler identification source "CMakeCCompilerId.c" produced "CMakeCCompilerId.o"

The C compiler identification is GNU, found in "/Users/franklinselva/Documents/Masters/THESIS/code/NAO-worktree/nao_dynamics_imitation/build/CMakeFiles/3.19.2/CompilerIdC/CMakeCCompilerId.o"

Compiling the CXX compiler identification source file "CMakeCXXCompilerId.cpp" succeeded.
Compiler: /usr/local/bin/g++-10 
Build flags: 
Id flags: -c 

The output was:
0


Compilation of the CXX compiler identification source "CMakeCXXCompilerId.cpp" produced "CMakeCXXCompilerId.o"

The CXX compiler identification is GNU, found in "/Users/franklinselva/Documents/Masters/THESIS/code/NAO-worktree/nao_dynamics_imitation/build/CMakeFiles/3.19.2/CompilerIdCXX/CMakeCXXCompilerId.o"

Compiling the C compiler identification source file "CMakeCCompilerId.c" succeeded.
Compiler: /usr/local/bin/gcc-10 
Build flags: 
Id flags: -c 

The output was:
0


Compilation of the C compiler identification source "CMakeCCompilerId.c" produced "CMakeCCompilerId.o"

The C compiler identification is GNU, found in "/Users/franklinselva/Documents/Masters/THESIS/code/NAO-worktree/nao_dynamics_imitation/build/CMakeFiles/3.19.2/CompilerIdC/CMakeCCompilerId.o"

Compiling the CXX compiler identification source file "CMakeCXXCompilerId.cpp" succeeded.
Compiler: /usr/local/bin/g++-10 
Build flags: 
Id flags: -c 

The output was:
0


Compilation of the CXX compiler identification source "CMakeCXXCompilerId.cpp" produced "CMakeCXXCompilerId.o"

The CXX compiler identification is GNU, found in "/Users/franklinselva/Documents/Masters/THESIS/code/NAO-worktree/nao_dynamics_imitation/build/CMakeFiles/3.19.2/CompilerIdCXX/CMakeCXXCompilerId.o"

Compiling the C compiler identification source file "CMakeCCompilerId.c" succeeded.
Compiler: /usr/local/bin/gcc-10 
Build flags: 
Id flags: -c 

The output was:
0


Compilation of the C compiler identification source "CMakeCCompilerId.c" produced "CMakeCCompilerId.o"

The C compiler identification is GNU, found in "/Users/franklinselva/Documents/Masters/THESIS/code/NAO-worktree/nao_dynamics_imitation/build/CMakeFiles/3.19.2/CompilerIdC/CMakeCCompilerId.o"

Compiling the CXX compiler identification source file "CMakeCXXCompilerId.cpp" succeeded.
Compiler: /usr/local/bin/g++-10 
Build flags: 
Id flags: -c 

The output was:
0


Compilation of the CXX compiler identification source "CMakeCXXCompilerId.cpp" produced "CMakeCXXCompilerId.o"

The CXX compiler identification is GNU, found in "/Users/franklinselva/Documents/Masters/THESIS/code/NAO-worktree/nao_dynamics_imitation/build/CMakeFiles/3.19.2/CompilerIdCXX/CMakeCXXCompilerId.o"

Compiling the C compiler identification source file "CMakeCCompilerId.c" succeeded.
Compiler: /usr/local/bin/gcc-10 
Build flags: 
Id flags: -c 

The output was:
0


Compilation of the C compiler identification source "CMakeCCompilerId.c" produced "CMakeCCompilerId.o"

The C compiler identification is GNU, found in "/Users/franklinselva/Documents/Masters/THESIS/code/NAO-worktree/nao_dynamics_imitation/build/CMakeFiles/3.19.2/CompilerIdC/CMakeCCompilerId.o"

Compiling the CXX compiler identification source file "CMakeCXXCompilerId.cpp" succeeded.
Compiler: /usr/local/bin/g++-10 
Build flags: 
Id flags: -c 

The output was:
0


Compilation of the CXX compiler identification source "CMakeCXXCompilerId.cpp" produced "CMakeCXXCompilerId.o"

The CXX compiler identification is GNU, found in "/Users/franklinselva/Documents/Masters/THESIS/code/NAO-worktree/nao_dynamics_imitation/build/CMakeFiles/3.19.2/CompilerIdCXX/CMakeCXXCompilerId.o"

Compiling the C compiler identification source file "CMakeCCompilerId.c" succeeded.
Compiler: /usr/local/bin/gcc-10 
Build flags: 
Id flags: -c 

The output was:
0


Compilation of the C compiler identification source "CMakeCCompilerId.c" produced "CMakeCCompilerId.o"

The C compiler identification is GNU, found in "/Users/franklinselva/Documents/Masters/THESIS/code/NAO-worktree/nao_dynamics_imitation/build/CMakeFiles/3.19.2/CompilerIdC/CMakeCCompilerId.o"

Compiling the CXX compiler identification source file "CMakeCXXCompilerId.cpp" succeeded.
Compiler: /usr/local/bin/g++-10 
Build flags: 
Id flags: -c 

The output was:
0


Compilation of the CXX compiler identification source "CMakeCXXCompilerId.cpp" produced "CMakeCXXCompilerId.o"

The CXX compiler identification is GNU, found in "/Users/franklinselva/Documents/Masters/THESIS/code/NAO-worktree/nao_dynamics_imitation/build/CMakeFiles/3.19.2/CompilerIdCXX/CMakeCXXCompilerId.o"

